<?xml version="1.0" encoding="UTF-8"?>
<!-- Generated by org.testng.reporters.JUnitReportReporter -->
<testsuite skipped="2" hostname="psq" name="ChurchApp_Pack_Sanity.ChurchApp_Sanity" tests="6" failures="0" timestamp="02 Jun 2017 12:30:04 GMT" time="64.791" errors="0">
  <testcase name="setUp" time="22.576" classname="ChurchApp_Pack_Sanity.ChurchApp_Sanity"/>
  <testcase name="EventScreen" time="12.265" classname="ChurchApp_Pack_Sanity.ChurchApp_Sanity"/>
  <testcase name="AllEventsMonthDate" time="14.988" classname="ChurchApp_Pack_Sanity.ChurchApp_Sanity"/>
  <testcase name="Events_Count" time="14.962" classname="ChurchApp_Pack_Sanity.ChurchApp_Sanity"/>
  <testcase name="ActivityScreen" classname="ChurchApp_Pack_Sanity.ChurchApp_Sanity">
    <skipped/>
  </testcase> <!-- ActivityScreen -->
  <testcase name="Events_CheckDateFormat" classname="ChurchApp_Pack_Sanity.ChurchApp_Sanity">
    <skipped/>
  </testcase> <!-- Events_CheckDateFormat -->
</testsuite> <!-- ChurchApp_Pack_Sanity.ChurchApp_Sanity -->
